<?xml version="1.0" encoding="UTF-8"?>
<testng-results skipped="0" failed="0" total="1" passed="1">
  <reporter-output>
  </reporter-output>
  <suite name="Guru99 Automate" duration-ms="1155" started-at="2015-03-02T00:45:12Z" finished-at="2015-03-02T00:45:13Z">
    <groups>
    </groups>
    <test name="Guru99_Tests" duration-ms="1155" started-at="2015-03-02T00:45:12Z" finished-at="2015-03-02T00:45:13Z">
      <class name="testcases.Guru99">
        <test-method status="PASS" signature="workingwithtable()[pri:0, instance:testcases.Guru99@43a25848]" name="workingwithtable" duration-ms="1141" started-at="2015-03-02T06:15:12Z" finished-at="2015-03-02T06:15:13Z">
          <reporter-output>
          </reporter-output>
        </test-method> <!-- workingwithtable -->
      </class> <!-- testcases.Guru99 -->
    </test> <!-- Guru99_Tests -->
  </suite> <!-- Guru99 Automate -->
</testng-results>
